[debug] [2022-09-27T09:03:28.525Z] ----------------------------------------------------------------------
[debug] [2022-09-27T09:03:28.527Z] Command:       /usr/local/bin/node /usr/local/bin/firebase emulators:start --only auth -P testing-project-id
[debug] [2022-09-27T09:03:28.527Z] CLI Version:   10.5.0
[debug] [2022-09-27T09:03:28.527Z] Platform:      linux
[debug] [2022-09-27T09:03:28.527Z] Node Version:  v16.14.2
[debug] [2022-09-27T09:03:28.528Z] Time:          Tue Sep 27 2022 09:03:28 GMT+0000 (Coordinated Universal Time)
[debug] [2022-09-27T09:03:28.528Z] ----------------------------------------------------------------------
[debug] 
[debug] [2022-09-27T09:03:28.530Z] >>> [apiv2][query] GET https://firebase-public.firebaseio.com/cli.json [none]
[debug] [2022-09-27T09:03:28.604Z] > command requires scopes: ["email","openid","https://www.googleapis.com/auth/cloudplatformprojects.readonly","https://www.googleapis.com/auth/firebase","https://www.googleapis.com/auth/cloud-platform"]
[debug] Failed to authenticate, have you run firebase login?
[warn] ⚠  emulators: You are not currently authenticated so some features may not work correctly. Please run firebase login to authenticate the CLI. 
[info] i  emulators: Starting emulators: auth {"metadata":{"emulator":{"name":"hub"},"message":"Starting emulators: auth"}}
[debug] [2022-09-27T09:03:28.677Z] [hub] writing locator at /tmp/hub-testing-project-id.json
[warn] ⚠  emulators: The Emulator UI requires a project ID to start. Configure your default project with 'firebase use' or pass the --project flag. {"metadata":{"emulator":{"name":"hub"},"message":"The Emulator UI requires a project ID to start. Configure your default project with 'firebase use' or pass the --project flag."}}
[info] 
┌─────────────────────────────────────────────────────────────┐
│ ✔  All emulators ready! It is now safe to connect your app. │
└─────────────────────────────────────────────────────────────┘

┌────────────────┬──────────────┐
│ Emulator       │ Host:Port    │
├────────────────┼──────────────┤
│ Authentication │ 0.0.0.0:9099 │
└────────────────┴──────────────┘
  Emulator Hub running at localhost:4400
  Other reserved ports: 4500

Issues? Report them at https://github.com/firebase/firebase-tools/issues and attach the *-debug.log files.
 
[debug] [2022-09-27T09:03:35.755Z] <<< [apiv2][status] GET https://firebase-public.firebaseio.com/cli.json 200
[debug] [2022-09-27T09:03:35.755Z] <<< [apiv2][body] GET https://firebase-public.firebaseio.com/cli.json {"cloudBuildErrorAfter":1594252800000,"cloudBuildWarnAfter":1590019200000,"defaultNode10After":1594252800000,"minVersion":"3.0.5","node8DeploysDisabledAfter":1613390400000,"node8RuntimeDisabledAfter":1615809600000,"node8WarnAfter":1600128000000}
